[debug] > Exec(reload; update; compile, None, None)
[debug] > Exec(reload, None, None)
[debug] > Exec(sbtStashOnFailure, None, None)
[debug] > Exec(onFailure loadFailed, None, None)
[debug] > Exec(loadp, None, None)
[info] welcome to sbt 1.11.7 (Microsoft Java 17.0.17)
[debug] Load.defaultLoad until apply took 4.0521ms
[debug]           Load.loadUnit: plugins took 55.9535ms
[debug]           Load.loadUnit: defsScala took 0.006ms
[debug] [Loading] Scanning directory H:\Documents\2025-2026\SCALA\Spark pollution\project
[debug]             Load.loadUnit: mkEval took 0.4879ms
[debug] [Loading] Found non-root projects 
[debug] [Loading] Done in H:\Documents\2025-2026\SCALA\Spark pollution\project, returning: ()
[debug] deducing auto plugins based on known facts Set(Atom(sbt.plugins.CorePlugin)) and clauses Clauses(Clause(Atom(sbt.plugins.JvmPlugin),Set(Atom(sbt.plugins.IvyPlugin)))
[debug] Clause(Atom(sbt.ScriptedPlugin),Set(Atom(sbt.plugins.JvmPlugin)))
[debug] Clause(Atom(sbt.plugins.SbtPlugin),Set(Atom(sbt.ScriptedPlugin)))
[debug] Clause(Atom(sbt.plugins.SemanticdbPlugin),Set(Atom(sbt.plugins.JvmPlugin)))
[debug] Clause(Atom(sbt.plugins.JUnitXmlReportPlugin),Set(Atom(sbt.plugins.JvmPlugin)))
[debug] Clause(Atom(sbt.plugins.MiniDependencyTreePlugin),Set(Atom(sbt.plugins.JvmPlugin)))
[debug] Clause(Atom(sbt.plugins.CorePlugin),Set(Atom(sbt.plugins.IvyPlugin)))
[debug] Clause(Atom(sbt.plugins.IvyPlugin),Set(Atom(sbt.plugins.JvmPlugin)))
[debug] Clause(Atom(sbt.plugins.JvmPlugin),Set(Atom(sbt.plugins.SemanticdbPlugin)))
[debug] Clause(Atom(sbt.plugins.JvmPlugin),Set(Atom(sbt.plugins.JUnitXmlReportPlugin)))
[debug] Clause(Atom(sbt.plugins.CorePlugin),Set(Atom(sbt.plugins.Giter8TemplatePlugin)))
[debug] Clause(Atom(sbt.plugins.JvmPlugin),Set(Atom(sbt.plugins.MiniDependencyTreePlugin))))
[debug]   :: deduced result: Matched(sbt.plugins.CorePlugin,sbt.plugins.Giter8TemplatePlugin,sbt.plugins.IvyPlugin,sbt.plugins.JvmPlugin,sbt.plugins.MiniDependencyTreePlugin,sbt.plugins.JUnitXmlReportPlugin,sbt.plugins.SemanticdbPlugin)
[debug] Plugins.deducer#function took 2.2791 ms
[info] loading settings for project spark-pollution-build from idea.sbt...
[debug]               Load.resolveProject(spark-pollution-build) took 2.1507ms
[debug]             Load.loadTransitive: finalizeProject(Project(id spark-pollution-build, base: H:\Documents\2025-2026\SCALA\Spark pollution\project, plugins: List(<none>))) took 5.100501ms
[debug] [Loading] Done in H:\Documents\2025-2026\SCALA\Spark pollution\project, returning: (spark-pollution-build)
[debug]           Load.loadUnit: loadedProjectsRaw took 45.675401ms
[debug]           Load.loadUnit: cleanEvalClasses took 2.7761ms
[debug]         Load.loadUnit(file:/H:/Documents/2025-2026/SCALA/Spark%20pollution/project/, ...) took 105.584299ms
[debug]       Load.apply: load took 107.5311ms
[debug]       Load.apply: resolveProjects took 0.2206ms
[debug]       Load.apply: finalTransforms took 21.6842ms
[debug]       Load.apply: config.delegates took 0.4938ms
[debug]       Load.apply: Def.make(settings)... took 103.3524ms
[debug]       Load.apply: structureIndex took 36.9043ms
[debug]       Load.apply: mkStreams took 0.003999ms
[info] loading project definition from H:\Documents\2025-2026\SCALA\Spark pollution\project
[debug] Running task... Cancel: Signal, check cycles: false, forcegc: true
[debug]     Load.loadUnit: plugins took 628.2599ms
[debug]     Load.loadUnit: defsScala took 0.0061ms
[debug] [Loading] Scanning directory H:\Documents\2025-2026\SCALA\Spark pollution
[debug]       Load.loadUnit: mkEval took 0.4086ms
[debug] [Loading] Found root project root w/ remaining 
[debug] deducing auto plugins based on known facts Set(Atom(sbt.plugins.CorePlugin)) and clauses Clauses(Clause(Atom(sbt.plugins.JvmPlugin),Set(Atom(sbt.plugins.IvyPlugin)))
[debug] Clause(Atom(sbt.ScriptedPlugin),Set(Atom(sbt.plugins.JvmPlugin)))
[debug] Clause(Atom(sbt.plugins.SbtPlugin),Set(Atom(sbt.ScriptedPlugin)))
[debug] Clause(Atom(sbt.plugins.SemanticdbPlugin),Set(Atom(sbt.plugins.JvmPlugin)))
[debug] Clause(Atom(sbt.plugins.JUnitXmlReportPlugin),Set(Atom(sbt.plugins.JvmPlugin)))
[debug] Clause(Atom(sbt.plugins.MiniDependencyTreePlugin),Set(Atom(sbt.plugins.JvmPlugin)))
[debug] Clause(Atom(org.jetbrains.sbt.StructurePlugin),Set(Atom(sbt.plugins.JvmPlugin)))
[debug] Clause(Atom(org.jetbrains.sbt.IdeaShellPlugin),Set(Atom(sbt.plugins.JvmPlugin)))
[debug] Clause(Atom(org.jetbrains.sbt.indices.SbtIntellijIndicesPlugin),Set(Atom(sbt.plugins.JvmPlugin)))
[debug] Clause(Atom(sbt.plugins.CorePlugin),Set(Atom(sbt.plugins.IvyPlugin)))
[debug] Clause(Atom(sbt.plugins.IvyPlugin),Set(Atom(sbt.plugins.JvmPlugin)))
[debug] Clause(Atom(sbt.plugins.JvmPlugin),Set(Atom(sbt.plugins.SemanticdbPlugin)))
[debug] Clause(Atom(sbt.plugins.JvmPlugin),Set(Atom(sbt.plugins.JUnitXmlReportPlugin)))
[debug] Clause(Atom(sbt.plugins.CorePlugin),Set(Atom(sbt.plugins.Giter8TemplatePlugin)))
[debug] Clause(Atom(sbt.plugins.JvmPlugin),Set(Atom(sbt.plugins.MiniDependencyTreePlugin)))
[debug] Clause(Atom(sbt.plugins.JvmPlugin),Set(Atom(org.jetbrains.sbt.StructurePlugin)))
[debug] Clause(Atom(sbt.plugins.JvmPlugin),Set(Atom(org.jetbrains.sbt.IdeaShellPlugin)))
[debug] Clause(And(Set(Atom(sbt.plugins.CorePlugin), Atom(sbt.plugins.JvmPlugin))),Set(Atom(org.jetbrains.sbt.indices.SbtIntellijIndicesPlugin))))
[debug]   :: deduced result: Matched(sbt.plugins.CorePlugin,sbt.plugins.Giter8TemplatePlugin,sbt.plugins.IvyPlugin,sbt.plugins.JvmPlugin,sbt.plugins.SemanticdbPlugin,org.jetbrains.sbt.indices.SbtIntellijIndicesPlugin,sbt.plugins.JUnitXmlReportPlugin,org.jetbrains.sbt.IdeaShellPlugin,org.jetbrains.sbt.StructurePlugin,sbt.plugins.MiniDependencyTreePlugin)
[debug] Plugins.deducer#function took 2.9268 ms
[info] loading settings for project root from build.sbt...
[debug]         Load.resolveProject(root) took 43.754ms
[debug]       Load.loadTransitive: finalizeProject(Project(id root, base: H:\Documents\2025-2026\SCALA\Spark pollution, plugins: List(<none>))) took 47.5548ms
[debug] [Loading] Done in H:\Documents\2025-2026\SCALA\Spark pollution, returning: (root)
[debug]     Load.loadUnit: loadedProjectsRaw took 136.413001ms
[debug]     Load.loadUnit: cleanEvalClasses took 11.5676ms
[debug]   Load.loadUnit(file:/H:/Documents/2025-2026/SCALA/Spark%20pollution/, ...) took 777.641001ms
[debug] Load.apply: load took 779.894501ms
[debug] Load.apply: resolveProjects took 0.1612ms
[debug] Load.apply: finalTransforms took 29.137199ms
[debug] Load.apply: config.delegates took 0.478299ms
[debug] Load.apply: Def.make(settings)... took 219.6258ms
[debug] Load.apply: structureIndex took 39.9781ms
[debug] Load.apply: mkStreams took 0.0025ms
[warn] Discarding 1 session setting.  Use 'session save' to persist session settings.
[info] set current project to spark-pollution (in build file:/H:/Documents/2025-2026/SCALA/Spark%20pollution/)
[debug] > Exec(sbtPopOnFailure, None, None)
[debug] > Exec(resumeFromFailure, None, None)
[debug] > Exec(update, None, None)
[debug] Evaluating tasks: update
[debug] Running task... Cancel: Signal, check cycles: false, forcegc: true
[success] Total time: 5 s, completed 7 nov. 2025, 11:45:27
[debug] > Exec(compile, None, None)
[debug] Evaluating tasks: Compile / compile
[debug] Running task... Cancel: Signal, check cycles: false, forcegc: true
[success] Total time: 1 s, completed 7 nov. 2025, 11:45:27
[debug] > Exec(idea-shell, None, None)
